2019-10-07 21:23:20,817 INFO o.a.j.u.JMeterUtils: Setting Locale to en_EN
2019-10-07 21:23:20,844 INFO o.a.j.JMeter: Loading user properties from: user.properties
2019-10-07 21:23:20,845 INFO o.a.j.JMeter: Loading system properties from: system.properties
2019-10-07 21:23:20,845 INFO o.a.j.JMeter: Setting System property: server_port=1099
2019-10-07 21:23:20,851 INFO o.a.j.JMeter: Copyright (c) 1998-2019 The Apache Software Foundation
2019-10-07 21:23:20,851 INFO o.a.j.JMeter: Version 5.1.1 r1855137
2019-10-07 21:23:20,851 INFO o.a.j.JMeter: java.version=11.0.2
2019-10-07 21:23:20,851 INFO o.a.j.JMeter: java.vm.name=Java HotSpot(TM) 64-Bit Server VM
2019-10-07 21:23:20,851 INFO o.a.j.JMeter: os.name=Linux
2019-10-07 21:23:20,851 INFO o.a.j.JMeter: os.arch=amd64
2019-10-07 21:23:20,851 INFO o.a.j.JMeter: os.version=4.15.0-43-generic
2019-10-07 21:23:20,851 INFO o.a.j.JMeter: file.encoding=UTF-8
2019-10-07 21:23:20,852 INFO o.a.j.JMeter: java.awt.headless=true
2019-10-07 21:23:20,852 INFO o.a.j.JMeter: Max memory     =1073741824
2019-10-07 21:23:20,852 INFO o.a.j.JMeter: Available Processors =4
2019-10-07 21:23:20,860 INFO o.a.j.JMeter: Default Locale=English (EN)
2019-10-07 21:23:20,860 INFO o.a.j.JMeter: JMeter  Locale=English (EN)
2019-10-07 21:23:20,860 INFO o.a.j.JMeter: JMeterHome=/home/oki/xavier/presentations-jmeter/apache-jmeter-5.1.1
2019-10-07 21:23:20,860 INFO o.a.j.JMeter: user.dir  =/home/oki/xavier/presentations-jmeter/apache-jmeter-5.1.1/bin
2019-10-07 21:23:20,860 INFO o.a.j.JMeter: PWD       =/home/oki/xavier/presentations-jmeter/apache-jmeter-5.1.1/bin
2019-10-07 21:23:20,864 INFO o.a.j.JMeter: IP: 192.168.1.67 Name: OLP00002691 FullName: 192.168.1.67
2019-10-07 21:23:20,888 INFO o.a.j.r.RmiUtils: System property 'java.rmi.server.hostname' is not defined, using localHost address
2019-10-07 21:23:20,888 INFO o.a.j.r.RmiUtils: Local IP address=192.168.1.67
2019-10-07 21:23:20,906 ERROR o.a.j.JMeter: Giving up, as server failed with:
java.rmi.server.ExportException: Listen failed on port: 0; nested exception is: 
	java.io.FileNotFoundException: rmi_keystore.jks (Aucun fichier ou dossier de ce type)
	at sun.rmi.transport.tcp.TCPTransport.listen(TCPTransport.java:337) ~[?:?]
	at sun.rmi.transport.tcp.TCPTransport.exportObject(TCPTransport.java:243) ~[?:?]
	at sun.rmi.transport.tcp.TCPEndpoint.exportObject(TCPEndpoint.java:411) ~[?:?]
	at sun.rmi.transport.LiveRef.exportObject(LiveRef.java:147) ~[?:?]
	at sun.rmi.server.UnicastServerRef.exportObject(UnicastServerRef.java:233) ~[?:?]
	at java.rmi.server.UnicastRemoteObject.exportObject(UnicastRemoteObject.java:470) ~[?:?]
	at java.rmi.server.UnicastRemoteObject.exportObject(UnicastRemoteObject.java:381) ~[?:?]
	at java.rmi.server.UnicastRemoteObject.<init>(UnicastRemoteObject.java:260) ~[?:?]
	at org.apache.jmeter.engine.RemoteJMeterEngineImpl.<init>(RemoteJMeterEngineImpl.java:67) ~[ApacheJMeter_core.jar:5.1.1 r1855137]
	at org.apache.jmeter.engine.RemoteJMeterEngineImpl.startServer(RemoteJMeterEngineImpl.java:73) ~[ApacheJMeter_core.jar:5.1.1 r1855137]
	at org.apache.jmeter.JMeter.start(JMeter.java:521) [ApacheJMeter_core.jar:5.1.1 r1855137]
	at jdk.internal.reflect.NativeMethodAccessorImpl.invoke0(Native Method) ~[?:?]
	at jdk.internal.reflect.NativeMethodAccessorImpl.invoke(NativeMethodAccessorImpl.java:62) ~[?:?]
	at jdk.internal.reflect.DelegatingMethodAccessorImpl.invoke(DelegatingMethodAccessorImpl.java:43) ~[?:?]
	at java.lang.reflect.Method.invoke(Method.java:566) ~[?:?]
	at org.apache.jmeter.NewDriver.main(NewDriver.java:253) [ApacheJMeter.jar:5.1.1 r1855137]
Caused by: java.io.FileNotFoundException: rmi_keystore.jks (Aucun fichier ou dossier de ce type)
	at java.io.FileInputStream.open0(Native Method) ~[?:?]
	at java.io.FileInputStream.open(FileInputStream.java:219) ~[?:?]
	at java.io.FileInputStream.<init>(FileInputStream.java:157) ~[?:?]
	at java.io.FileInputStream.<init>(FileInputStream.java:112) ~[?:?]
	at org.apache.jmeter.rmi.SSLRMIServerSocketFactory.loadStore(SSLRMIServerSocketFactory.java:148) ~[ApacheJMeter_core.jar:5.1.1 r1855137]
	at org.apache.jmeter.rmi.SSLRMIServerSocketFactory.createServerSocket(SSLRMIServerSocketFactory.java:100) ~[ApacheJMeter_core.jar:5.1.1 r1855137]
	at sun.rmi.transport.tcp.TCPEndpoint.newServerSocket(TCPEndpoint.java:666) ~[?:?]
	at sun.rmi.transport.tcp.TCPTransport.listen(TCPTransport.java:324) ~[?:?]
	... 15 more
2019-10-07 21:23:20,920 ERROR o.a.j.JMeter: An error occurred: 
java.rmi.server.ExportException: Listen failed on port: 0; nested exception is: 
	java.io.FileNotFoundException: rmi_keystore.jks (Aucun fichier ou dossier de ce type)
	at sun.rmi.transport.tcp.TCPTransport.listen(TCPTransport.java:337) ~[?:?]
	at sun.rmi.transport.tcp.TCPTransport.exportObject(TCPTransport.java:243) ~[?:?]
	at sun.rmi.transport.tcp.TCPEndpoint.exportObject(TCPEndpoint.java:411) ~[?:?]
	at sun.rmi.transport.LiveRef.exportObject(LiveRef.java:147) ~[?:?]
	at sun.rmi.server.UnicastServerRef.exportObject(UnicastServerRef.java:233) ~[?:?]
	at java.rmi.server.UnicastRemoteObject.exportObject(UnicastRemoteObject.java:470) ~[?:?]
	at java.rmi.server.UnicastRemoteObject.exportObject(UnicastRemoteObject.java:381) ~[?:?]
	at java.rmi.server.UnicastRemoteObject.<init>(UnicastRemoteObject.java:260) ~[?:?]
	at org.apache.jmeter.engine.RemoteJMeterEngineImpl.<init>(RemoteJMeterEngineImpl.java:67) ~[ApacheJMeter_core.jar:5.1.1 r1855137]
	at org.apache.jmeter.engine.RemoteJMeterEngineImpl.startServer(RemoteJMeterEngineImpl.java:73) ~[ApacheJMeter_core.jar:5.1.1 r1855137]
	at org.apache.jmeter.JMeter.start(JMeter.java:521) [ApacheJMeter_core.jar:5.1.1 r1855137]
	at jdk.internal.reflect.NativeMethodAccessorImpl.invoke0(Native Method) ~[?:?]
	at jdk.internal.reflect.NativeMethodAccessorImpl.invoke(NativeMethodAccessorImpl.java:62) ~[?:?]
	at jdk.internal.reflect.DelegatingMethodAccessorImpl.invoke(DelegatingMethodAccessorImpl.java:43) ~[?:?]
	at java.lang.reflect.Method.invoke(Method.java:566) ~[?:?]
	at org.apache.jmeter.NewDriver.main(NewDriver.java:253) [ApacheJMeter.jar:5.1.1 r1855137]
Caused by: java.io.FileNotFoundException: rmi_keystore.jks (Aucun fichier ou dossier de ce type)
	at java.io.FileInputStream.open0(Native Method) ~[?:?]
	at java.io.FileInputStream.open(FileInputStream.java:219) ~[?:?]
	at java.io.FileInputStream.<init>(FileInputStream.java:157) ~[?:?]
	at java.io.FileInputStream.<init>(FileInputStream.java:112) ~[?:?]
	at org.apache.jmeter.rmi.SSLRMIServerSocketFactory.loadStore(SSLRMIServerSocketFactory.java:148) ~[ApacheJMeter_core.jar:5.1.1 r1855137]
	at org.apache.jmeter.rmi.SSLRMIServerSocketFactory.createServerSocket(SSLRMIServerSocketFactory.java:100) ~[ApacheJMeter_core.jar:5.1.1 r1855137]
	at sun.rmi.transport.tcp.TCPEndpoint.newServerSocket(TCPEndpoint.java:666) ~[?:?]
	at sun.rmi.transport.tcp.TCPTransport.listen(TCPTransport.java:324) ~[?:?]
	... 15 more
